2016/03/17 18:14:05 INFO  - jmeter.util.JMeterUtils: Setting Locale to zh_CN 
2016/03/17 18:14:05 INFO  - jmeter.JMeter: Loading user properties from: /usr/local/Cellar/jmeter/2.13/libexec/bin/user.properties 
2016/03/17 18:14:05 INFO  - jmeter.JMeter: Loading system properties from: /usr/local/Cellar/jmeter/2.13/libexec/bin/system.properties 
2016/03/17 18:14:05 INFO  - jmeter.JMeter: Copyright (c) 1998-2015 The Apache Software Foundation 
2016/03/17 18:14:05 INFO  - jmeter.JMeter: Version 2.13 r1665067 
2016/03/17 18:14:05 INFO  - jmeter.JMeter: java.version=1.7.0_67 
2016/03/17 18:14:05 INFO  - jmeter.JMeter: java.vm.name=Java HotSpot(TM) 64-Bit Server VM 
2016/03/17 18:14:05 INFO  - jmeter.JMeter: os.name=Mac OS X 
2016/03/17 18:14:05 INFO  - jmeter.JMeter: os.arch=x86_64 
2016/03/17 18:14:05 INFO  - jmeter.JMeter: os.version=10.11.1 
2016/03/17 18:14:05 INFO  - jmeter.JMeter: file.encoding=UTF-8 
2016/03/17 18:14:05 INFO  - jmeter.JMeter: Default Locale=中文 (中国) 
2016/03/17 18:14:05 INFO  - jmeter.JMeter: JMeter  Locale=中文 (中国) 
2016/03/17 18:14:05 INFO  - jmeter.JMeter: JMeterHome=/usr/local/Cellar/jmeter/2.13/libexec 
2016/03/17 18:14:05 INFO  - jmeter.JMeter: user.dir  =/Users/jhp-android/Desktop/github/React-Douban 
2016/03/17 18:14:05 INFO  - jmeter.JMeter: PWD       =/Users/jhp-android/Desktop/github/React-Douban 
2016/03/17 18:14:05 INFO  - jmeter.JMeter: IP: 10.1.60.56 Name: justhacker.local FullName: 10.1.60.56 
2016/03/17 18:14:06 INFO  - jmeter.gui.action.LookAndFeelCommand: Using look and feel: com.apple.laf.AquaLookAndFeel [Mac OS X, System] 
2016/03/17 18:14:06 INFO  - jmeter.JMeter: Loaded icon properties from org/apache/jmeter/images/icon.properties 
2016/03/17 18:14:08 INFO  - jmeter.engine.util.CompoundVariable: Note: Function class names must contain the string: '.functions.' 
2016/03/17 18:14:08 INFO  - jmeter.engine.util.CompoundVariable: Note: Function class names must not contain the string: '.gui.' 
2016/03/17 18:14:09 INFO  - jmeter.util.BSFTestElement: Registering JMeter version of JavaScript engine as work-round for BSF-22 
2016/03/17 18:14:09 INFO  - jmeter.protocol.http.sampler.HTTPSamplerBase: Cannot find .className property for htmlParser, using default 
2016/03/17 18:14:09 INFO  - jmeter.protocol.http.sampler.HTTPSamplerBase: Parser for text/html is  
2016/03/17 18:14:09 INFO  - jmeter.protocol.http.sampler.HTTPSamplerBase: Parser for application/xhtml+xml is  
2016/03/17 18:14:09 INFO  - jmeter.protocol.http.sampler.HTTPSamplerBase: Parser for application/xml is  
2016/03/17 18:14:09 INFO  - jmeter.protocol.http.sampler.HTTPSamplerBase: Parser for text/xml is  
2016/03/17 18:14:09 INFO  - jmeter.protocol.http.sampler.HTTPSamplerBase: Parser for text/vnd.wap.wml is org.apache.jmeter.protocol.http.parser.RegexpHTMLParser 
2016/03/17 18:14:09 INFO  - jmeter.gui.util.MenuFactory: Skipping org.apache.jmeter.protocol.http.control.gui.WebServiceSamplerGui 
2016/03/17 18:14:09 INFO  - jmeter.gui.util.MenuFactory: Skipping org.apache.jmeter.protocol.http.modifier.gui.ParamModifierGui 
2016/03/17 18:14:10 INFO  - jorphan.exec.KeyToolUtils: keytool found at 'keytool' 
2016/03/17 18:14:10 INFO  - jmeter.protocol.http.proxy.ProxyControl: HTTP(S) Test Script Recorder SSL Proxy will use keys that support embedded 3rd party resources in file /usr/local/Cellar/jmeter/2.13/libexec/bin/proxyserver.jks 
2016/03/17 18:14:10 INFO  - jmeter.samplers.SampleResult: Note: Sample TimeStamps are START times 
2016/03/17 18:14:10 INFO  - jmeter.samplers.SampleResult: sampleresult.default.encoding is set to ISO-8859-1 
2016/03/17 18:14:10 INFO  - jmeter.samplers.SampleResult: sampleresult.useNanoTime=true 
2016/03/17 18:14:10 INFO  - jmeter.samplers.SampleResult: sampleresult.nanoThreadSleep=5000 
2016/03/17 18:14:17 INFO  - jmeter.gui.action.What: TestElement:org.apache.jmeter.testelement.TestPlan, guiClassName:org.apache.jmeter.control.gui.TestPlanGui 
